Determining if the pthread_create exist failed with the following output:
Change Dir: /home/yxt/catkin_ws/src/lidarNode/cmake-build-debug/CMakeFiles/CMakeTmp

Run Build Command:"/usr/bin/make" "cmTC_f382c/fast"
/usr/bin/make -f CMakeFiles/cmTC_f382c.dir/build.make CMakeFiles/cmTC_f382c.dir/build
make[1]: Entering directory '/home/yxt/catkin_ws/src/lidarNode/cmake-build-debug/CMakeFiles/CMakeTmp'
Building C object CMakeFiles/cmTC_f382c.dir/CheckSymbolExists.c.o
/usr/bin/cc    -o CMakeFiles/cmTC_f382c.dir/CheckSymbolExists.c.o   -c /home/yxt/catkin_ws/src/lidarNode/cmake-build-debug/CMakeFiles/CMakeTmp/CheckSymbolExists.c
Linking C executable cmTC_f382c
/home/yxt/clion-2018.1.3/bin/cmake/bin/cmake -E cmake_link_script CMakeFiles/cmTC_f382c.dir/link.txt --verbose=1
/usr/bin/cc      -rdynamic CMakeFiles/cmTC_f382c.dir/CheckSymbolExists.c.o  -o cmTC_f382c 
CMakeFiles/cmTC_f382c.dir/CheckSymbolExists.c.o: In function `main':
CheckSymbolExists.c:(.text+0x16): undefined reference to `pthread_create'
collect2: error: ld returned 1 exit status
CMakeFiles/cmTC_f382c.dir/build.make:97: recipe for target 'cmTC_f382c' failed
make[1]: *** [cmTC_f382c] Error 1
make[1]: Leaving directory '/home/yxt/catkin_ws/src/lidarNode/cmake-build-debug/CMakeFiles/CMakeTmp'
Makefile:126: recipe for target 'cmTC_f382c/fast' failed
make: *** [cmTC_f382c/fast] Error 2

File /home/yxt/catkin_ws/src/lidarNode/cmake-build-debug/CMakeFiles/CMakeTmp/CheckSymbolExists.c:
/* */
#include <pthread.h>

int main(int argc, char** argv)
{
  (void)argv;
#ifndef pthread_create
  return ((int*)(&pthread_create))[argc];
#else
  (void)argc;
  return 0;
#endif
}

Determining if the function pthread_create exists in the pthreads failed with the following output:
Change Dir: /home/yxt/catkin_ws/src/lidarNode/cmake-build-debug/CMakeFiles/CMakeTmp

Run Build Command:"/usr/bin/make" "cmTC_1631c/fast"
/usr/bin/make -f CMakeFiles/cmTC_1631c.dir/build.make CMakeFiles/cmTC_1631c.dir/build
make[1]: Entering directory '/home/yxt/catkin_ws/src/lidarNode/cmake-build-debug/CMakeFiles/CMakeTmp'
Building C object CMakeFiles/cmTC_1631c.dir/CheckFunctionExists.c.o
/usr/bin/cc   -DCHECK_FUNCTION_EXISTS=pthread_create   -o CMakeFiles/cmTC_1631c.dir/CheckFunctionExists.c.o   -c /home/yxt/clion-2018.1.3/bin/cmake/share/cmake-3.10/Modules/CheckFunctionExists.c
Linking C executable cmTC_1631c
/home/yxt/clion-2018.1.3/bin/cmake/bin/cmake -E cmake_link_script CMakeFiles/cmTC_1631c.dir/link.txt --verbose=1
/usr/bin/cc  -DCHECK_FUNCTION_EXISTS=pthread_create    -rdynamic CMakeFiles/cmTC_1631c.dir/CheckFunctionExists.c.o  -o cmTC_1631c -lpthreads 
/usr/bin/ld: cannot find -lpthreads
collect2: error: ld returned 1 exit status
CMakeFiles/cmTC_1631c.dir/build.make:97: recipe for target 'cmTC_1631c' failed
make[1]: *** [cmTC_1631c] Error 1
make[1]: Leaving directory '/home/yxt/catkin_ws/src/lidarNode/cmake-build-debug/CMakeFiles/CMakeTmp'
Makefile:126: recipe for target 'cmTC_1631c/fast' failed
make: *** [cmTC_1631c/fast] Error 2


